baseproject/build/intermediates/manifest_merge_blame_file/release/manifest-merger-blame-release-report.txt
1<?xml version="1.0" encoding="utf-8"?>
2<manifest xmlns:android="http://schemas.android.com/apk/res/android"
3    package="com.sorgs.baseproject"
4    android:versionCode="3"
5    android:versionName="3.13" >
6
7    <uses-sdk
8        android:minSdkVersion="19"
8-->src\main\AndroidManifest.xml
9        android:targetSdkVersion="29" />
9-->src\main\AndroidManifest.xml
10
11    <!-- 允许联网 -->
12    <uses-permission android:name="android.permission.INTERNET" />
12-->src\main\AndroidManifest.xml:5:5-67
12-->src\main\AndroidManifest.xml:5:22-64
13    <!-- 获取GSM（2g）、WCDMA（联通3g）等网络状态的信息 -->
14    <uses-permission android:name="android.permission.ACCESS_NETWORK_STATE" />
14-->src\main\AndroidManifest.xml:7:5-79
14-->src\main\AndroidManifest.xml:7:22-76
15    <!-- 获取wifi网络状态的信息 -->
16    <uses-permission android:name="android.permission.ACCESS_WIFI_STATE" />
16-->src\main\AndroidManifest.xml:9:5-76
16-->src\main\AndroidManifest.xml:9:22-73
17    <!-- 保持CPU 运转，屏幕和键盘灯有可能是关闭的,用于文件上传和下载 -->
18    <uses-permission android:name="android.permission.WAKE_LOCK" />
18-->src\main\AndroidManifest.xml:11:5-68
18-->src\main\AndroidManifest.xml:11:22-65
19    <!-- 获取sd卡写的权限，用于文件上传和下载 -->
20    <uses-permission android:name="android.permission.WRITE_EXTERNAL_STORAGE" />
20-->src\main\AndroidManifest.xml:13:5-81
20-->src\main\AndroidManifest.xml:13:22-78
21    <!-- 允许读取手机状态 -->
22    <uses-permission android:name="android.permission.READ_PHONE_STATE" />
22-->src\main\AndroidManifest.xml:15:5-75
22-->src\main\AndroidManifest.xml:15:22-72
23    <!-- 监听网络的变化 -->
24    <uses-permission android:name="android.permission.CHANGE_NETWORK_STATE" />
24-->src\main\AndroidManifest.xml:17:5-79
24-->src\main\AndroidManifest.xml:17:22-76
25    <!-- sd卡存储 -->
26    <uses-permission android:name="android.permission.READ_EXTERNAL_STORAGE" />
26-->src\main\AndroidManifest.xml:19:5-80
26-->src\main\AndroidManifest.xml:19:22-77
27    <!-- 摄像头 -->
28    <uses-permission android:name="android.permission.CAMERA" />
28-->src\main\AndroidManifest.xml:21:5-65
28-->src\main\AndroidManifest.xml:21:22-62
29
30    <application>
30-->src\main\AndroidManifest.xml:23:5-45:19
31
32        <!-- 图片选择 -->
33        <activity
33-->src\main\AndroidManifest.xml:25:9-30:52
34            android:name="com.sorgs.baseproject.activity.PhotoActivity"
34-->src\main\AndroidManifest.xml:26:13-51
35            android:configChanges="orientation|screenSize|keyboardHidden"
35-->src\main\AndroidManifest.xml:27:13-74
36            android:label="@string/photo_title"
36-->src\main\AndroidManifest.xml:28:13-48
37            android:launchMode="singleTop"
37-->src\main\AndroidManifest.xml:29:13-43
38            android:screenOrientation="portrait" />
38-->src\main\AndroidManifest.xml:30:13-49
39
40        <!-- 拍照选择 -->
41        <activity
41-->src\main\AndroidManifest.xml:33:9-37:52
42            android:name="com.sorgs.baseproject.activity.CameraActivity"
42-->src\main\AndroidManifest.xml:34:13-52
43            android:configChanges="orientation|screenSize|keyboardHidden"
43-->src\main\AndroidManifest.xml:35:13-74
44            android:launchMode="singleTop"
44-->src\main\AndroidManifest.xml:36:13-43
45            android:screenOrientation="portrait" />
45-->src\main\AndroidManifest.xml:37:13-49
46
47        <!-- 查看大图 -->
48        <activity
48-->src\main\AndroidManifest.xml:40:9-44:52
49            android:name="com.sorgs.baseproject.activity.ImageActivity"
49-->src\main\AndroidManifest.xml:41:13-51
50            android:configChanges="orientation|screenSize|keyboardHidden"
50-->src\main\AndroidManifest.xml:42:13-74
51            android:launchMode="singleTop"
51-->src\main\AndroidManifest.xml:43:13-43
52            android:screenOrientation="portrait" />
52-->src\main\AndroidManifest.xml:44:13-49
53    </application>
54
55</manifest>